<?xml version="1.0" encoding="UTF-8" ?>
<testsuite failures="0" time="0.027" errors="0" skipped="0" tests="1" name="com.tomsovi.AppTest">
  <properties>
    <property name="java.runtime.name" value="Java(TM) SE Runtime Environment"/>
    <property name="sun.boot.library.path" value="c:\Program Files\Java\jdk1.6.0_24\jre\bin"/>
    <property name="java.vm.version" value="19.1-b02"/>
    <property name="java.vm.vendor" value="Sun Microsystems Inc."/>
    <property name="java.vendor.url" value="http://java.sun.com/"/>
    <property name="path.separator" value=";"/>
    <property name="java.vm.name" value="Java HotSpot(TM) 64-Bit Server VM"/>
    <property name="file.encoding.pkg" value="sun.io"/>
    <property name="user.country" value="CZ"/>
    <property name="sun.java.launcher" value="SUN_STANDARD"/>
    <property name="sun.os.patch.level" value="Service Pack 1"/>
    <property name="java.vm.specification.name" value="Java Virtual Machine Specification"/>
    <property name="user.dir" value="d:\work\RUIAN\SCM\PatchManager\VCS_module\svn-kit-example\trunk\svn-kit-example"/>
    <property name="java.runtime.version" value="1.6.0_24-b07"/>
    <property name="java.awt.graphicsenv" value="sun.awt.Win32GraphicsEnvironment"/>
    <property name="basedir" value="d:\work\RUIAN\SCM\PatchManager\VCS_module\svn-kit-example\trunk\svn-kit-example"/>
    <property name="java.endorsed.dirs" value="c:\Program Files\Java\jdk1.6.0_24\jre\lib\endorsed"/>
    <property name="os.arch" value="amd64"/>
    <property name="surefire.real.class.path" value="C:\Users\P3400177\AppData\Local\Temp\surefirebooter7906255507086907985.jar"/>
    <property name="java.io.tmpdir" value="C:\Users\P3400177\AppData\Local\Temp\"/>
    <property name="line.separator" value="
"/>
    <property name="java.vm.specification.vendor" value="Sun Microsystems Inc."/>
    <property name="user.variant" value=""/>
    <property name="os.name" value="Windows 7"/>
    <property name="sun.jnu.encoding" value="Cp1250"/>
    <property name="java.library.path" value="c:\Program Files\Java\jdk1.6.0_24\jre\bin;.;C:\Windows\Sun\Java\bin;C:\Windows\system32;C:\Windows;C:\Program Files\Common Files\Microsoft Shared\Windows Live;C:\Program Files (x86)\Common Files\Microsoft Shared\Windows Live;C:\Program Files\Common Files\Microsoft Shared\Microsoft Online Services;C:\Program Files (x86)\Common Files\Microsoft Shared\Microsoft Online Services;C:\Program Files (x86)\PC Connectivity Solution\;D:\apache-maven-2.2.1\bin;C:\Program Files\Java\jdk1.6.0_24\bin;C:\Ruby192\bin;C:\app\P3400177\product\11.2.0\dbhome_1\bin;C:\Windows\system32;C:\Windows;C:\Windows\System32\Wbem;C:\Windows\System32\WindowsPowerShell\v1.0\;C:\Program Files\WIDCOMM\Bluetooth Software\;C:\Program Files\WIDCOMM\Bluetooth Software\syswow64;C:\Program Files (x86)\NTRU Cryptosystems\NTRU TCG Software Stack\bin\;C:\Program Files\NTRU Cryptosystems\NTRU TCG Software Stack\bin\;C:\Program Files\Wave Systems Corp\Gemalto\Access Client\v5\;C:\Program Files (x86)\Groovy\Groovy-1.7.10\bin;C:\Program Files (x86)\Subversion\bin;d:\work\batches;C:\Program Files (x86)\Windows Live\Shared;C:\Program Files\TortoiseHg\;C:\Program Files\TortoiseGit\bin;C:\Program Files (x86)\TortoiseSVN\bin;C:\Program Files (x86)\Common Files\Shoes;C:\Program Files\AnsiCon"/>
    <property name="surefire.test.class.path" value="d:\work\RUIAN\SCM\PatchManager\VCS_module\svn-kit-example\trunk\svn-kit-example\target\test-classes;d:\work\RUIAN\SCM\PatchManager\VCS_module\svn-kit-example\trunk\svn-kit-example\target\classes;C:\Users\P3400177\.m2\repository\junit\junit\4.10\junit-4.10.jar;C:\Users\P3400177\.m2\repository\org\hamcrest\hamcrest-core\1.1\hamcrest-core-1.1.jar;C:\Users\P3400177\.m2\repository\org\tmatesoft\svnkit\svnkit\1.3.7\svnkit-1.3.7.jar;C:\Users\P3400177\.m2\repository\org\tmatesoft\sqljet\sqljet\1.0.7\sqljet-1.0.7.jar;C:\Users\P3400177\.m2\repository\org\antlr\antlr-runtime\3.1.3\antlr-runtime-3.1.3.jar;C:\Users\P3400177\.m2\repository\de\regnis\q\sequence\sequence-library\1.0.0\sequence-library-1.0.0.jar;C:\Users\P3400177\.m2\repository\net\java\dev\jna\jna\3.2.7\jna-3.2.7.jar;C:\Users\P3400177\.m2\repository\com\trilead\trilead-ssh2\1.0.0-build214\trilead-ssh2-1.0.0-build214.jar;"/>
    <property name="java.specification.name" value="Java Platform API Specification"/>
    <property name="java.class.version" value="50.0"/>
    <property name="sun.management.compiler" value="HotSpot 64-Bit Server Compiler"/>
    <property name="os.version" value="6.1"/>
    <property name="user.home" value="C:\Users\P3400177"/>
    <property name="user.timezone" value=""/>
    <property name="java.awt.printerjob" value="sun.awt.windows.WPrinterJob"/>
    <property name="java.specification.version" value="1.6"/>
    <property name="file.encoding" value="Cp1250"/>
    <property name="user.name" value="P3400177"/>
    <property name="java.class.path" value="d:\work\RUIAN\SCM\PatchManager\VCS_module\svn-kit-example\trunk\svn-kit-example\target\test-classes;d:\work\RUIAN\SCM\PatchManager\VCS_module\svn-kit-example\trunk\svn-kit-example\target\classes;C:\Users\P3400177\.m2\repository\junit\junit\4.10\junit-4.10.jar;C:\Users\P3400177\.m2\repository\org\hamcrest\hamcrest-core\1.1\hamcrest-core-1.1.jar;C:\Users\P3400177\.m2\repository\org\tmatesoft\svnkit\svnkit\1.3.7\svnkit-1.3.7.jar;C:\Users\P3400177\.m2\repository\org\tmatesoft\sqljet\sqljet\1.0.7\sqljet-1.0.7.jar;C:\Users\P3400177\.m2\repository\org\antlr\antlr-runtime\3.1.3\antlr-runtime-3.1.3.jar;C:\Users\P3400177\.m2\repository\de\regnis\q\sequence\sequence-library\1.0.0\sequence-library-1.0.0.jar;C:\Users\P3400177\.m2\repository\net\java\dev\jna\jna\3.2.7\jna-3.2.7.jar;C:\Users\P3400177\.m2\repository\com\trilead\trilead-ssh2\1.0.0-build214\trilead-ssh2-1.0.0-build214.jar;"/>
    <property name="java.vm.specification.version" value="1.0"/>
    <property name="sun.arch.data.model" value="64"/>
    <property name="java.home" value="c:\Program Files\Java\jdk1.6.0_24\jre"/>
    <property name="java.specification.vendor" value="Sun Microsystems Inc."/>
    <property name="user.language" value="cs"/>
    <property name="awt.toolkit" value="sun.awt.windows.WToolkit"/>
    <property name="java.vm.info" value="mixed mode"/>
    <property name="java.version" value="1.6.0_24"/>
    <property name="java.ext.dirs" value="c:\Program Files\Java\jdk1.6.0_24\jre\lib\ext;C:\Windows\Sun\Java\lib\ext"/>
    <property name="sun.boot.class.path" value="c:\Program Files\Java\jdk1.6.0_24\jre\lib\resources.jar;c:\Program Files\Java\jdk1.6.0_24\jre\lib\rt.jar;c:\Program Files\Java\jdk1.6.0_24\jre\lib\sunrsasign.jar;c:\Program Files\Java\jdk1.6.0_24\jre\lib\jsse.jar;c:\Program Files\Java\jdk1.6.0_24\jre\lib\jce.jar;c:\Program Files\Java\jdk1.6.0_24\jre\lib\charsets.jar;c:\Program Files\Java\jdk1.6.0_24\jre\lib\modules\jdk.boot.jar;c:\Program Files\Java\jdk1.6.0_24\jre\classes"/>
    <property name="java.vendor" value="Sun Microsystems Inc."/>
    <property name="localRepository" value="C:\Users\P3400177\.m2\repository"/>
    <property name="file.separator" value="\"/>
    <property name="java.vendor.url.bug" value="http://java.sun.com/cgi-bin/bugreport.cgi"/>
    <property name="sun.cpu.endian" value="little"/>
    <property name="sun.io.unicode.encoding" value="UnicodeLittle"/>
    <property name="sun.desktop" value="windows"/>
    <property name="sun.cpu.isalist" value="amd64"/>
  </properties>
  <testcase time="0.002" classname="com.tomsovi.AppTest" name="testApp"/>
</testsuite>